Using pre-set license

 COMMAND LINE ARGUMENTS:
/Users/shimizuyuusaku/Unity/2020.3.8f1/Unity.app/Contents/MacOS/Unity
-adb2
-batchMode
-noUpm
-name
AssetImportWorker1
-projectPath
/Users/shimizuyuusaku/Unity/NonFieldRPG
-logFile
Logs/AssetImportWorker1.log
-srvPort
57140
Successfully changed project path to: /Users/shimizuyuusaku/Unity/NonFieldRPG
/Users/shimizuyuusaku/Unity/NonFieldRPG
Using Asset Import Pipeline V2.
Refreshing native plugins compatible for Editor in 38.72 ms, found 2 plugins.
Preloading 0 native plugins for Editor in 0.00 ms.
Initialize engine version: 2020.3.8f1 (507919d4fff5)
[Subsystems] Discovering subsystems at path /Users/shimizuyuusaku/Unity/2020.3.8f1/Unity.app/Contents/Resources/UnitySubsystems
[Subsystems] Discovering subsystems at path /Users/shimizuyuusaku/Unity/NonFieldRPG/Assets
GfxDevice: creating device client; threaded=0
2021-06-08 15:16:39.084 Unity[23436:686040] Color LCD preferred device: Intel(R) Iris(TM) Plus Graphics 645 (low power)
2021-06-08 15:16:39.084 Unity[23436:686040] Metal devices available: 1
2021-06-08 15:16:39.084 Unity[23436:686040] 0: Intel(R) Iris(TM) Plus Graphics 645 (low power)
2021-06-08 15:16:39.084 Unity[23436:686040] Using device Intel(R) Iris(TM) Plus Graphics 645 (low power)
Initializing Metal device caps: Intel(R) Iris(TM) Plus Graphics 645
Initialize mono
Mono path[0] = '/Users/shimizuyuusaku/Unity/2020.3.8f1/Unity.app/Contents/Managed'
Mono path[1] = '/Users/shimizuyuusaku/Unity/2020.3.8f1/Unity.app/Contents/MonoBleedingEdge/lib/mono/unityjit'
Mono config path = '/Users/shimizuyuusaku/Unity/2020.3.8f1/Unity.app/Contents/MonoBleedingEdge/etc'
Using monoOptions --debugger-agent=transport=dt_socket,embedding=1,server=y,suspend=n,address=127.0.0.1:56436
Begin MonoManager ReloadAssembly
Registering precompiled unity dll's ...
Register platform support module: /Users/shimizuyuusaku/Unity/2020.3.8f1/Unity.app/Contents/PlaybackEngines/MacStandaloneSupport/UnityEditor.OSXStandalone.Extensions.dll
Registered in 0.002883 seconds.
Native extension for OSXStandalone target not found
Refreshing native plugins compatible for Editor in 38.91 ms, found 2 plugins.
Preloading 0 native plugins for Editor in 0.00 ms.
Mono: successfully reloaded assembly
- Completed reload, in  5.302 seconds
Platform modules already initialized, skipping
Registering precompiled user dll's ...
Registered in 0.001893 seconds.
Begin MonoManager ReloadAssembly
Native extension for OSXStandalone target not found
Refreshing native plugins compatible for Editor in 38.28 ms, found 2 plugins.
Preloading 0 native plugins for Editor in 0.00 ms.
Mono: successfully reloaded assembly
- Completed reload, in  1.214 seconds
Platform modules already initialized, skipping
========================================================================
Worker process is ready to serve import requests
Launching external process: /Users/shimizuyuusaku/Unity/2020.3.8f1/Unity.app/Contents/Tools/UnityShaderCompiler
Launched and connected shader compiler UnityShaderCompiler after 0.03 seconds
Refreshing native plugins compatible for Editor in 0.37 ms, found 2 plugins.
Preloading 0 native plugins for Editor in 0.00 ms.
Unloading 1817 Unused Serialized files (Serialized files now loaded: 0)
System memory in use before: 151.5 MB.
System memory in use after: 151.5 MB.

Unloading 24 unused Assets to reduce memory usage. Loaded Objects now: 2260.
Total: 2.875171 ms (FindLiveObjects: 0.253856 ms CreateObjectMapping: 0.100214 ms MarkObjects: 2.370423 ms  DeleteObjects: 0.149160 ms)

========================================================================
Received Import Request.
  path: Assets/images
  artifactKey: Guid(de05586d37aee41d08c3cd863312bb1c) Importer(815301076,1909f56bfc062723c751e8b465ee728b)
Start importing Assets/images using Guid(de05586d37aee41d08c3cd863312bb1c) Importer(815301076,1909f56bfc062723c751e8b465ee728b)  -> (artifact id: '363e812f78d28c8e03f35adf0666e746') in 0.005741 seconds
  Import took 0.011211 seconds .

========================================================================
Received Import Request.
  Time since last request: 6.639522 seconds.
  path: Assets/images/Background
  artifactKey: Guid(c5ebd5cbf1880478597a0c5bb3a0a8a1) Importer(815301076,1909f56bfc062723c751e8b465ee728b)
Start importing Assets/images/Background using Guid(c5ebd5cbf1880478597a0c5bb3a0a8a1) Importer(815301076,1909f56bfc062723c751e8b465ee728b)  -> (artifact id: 'da54fa8ea98a5156afaf3da5e99e9e50') in 0.003471 seconds
  Import took 0.007167 seconds .

========================================================================
Received Import Request.
  Time since last request: 16.068032 seconds.
  path: Assets/Images
  artifactKey: Guid(de05586d37aee41d08c3cd863312bb1c) Importer(815301076,1909f56bfc062723c751e8b465ee728b)
Start importing Assets/Images using Guid(de05586d37aee41d08c3cd863312bb1c) Importer(815301076,1909f56bfc062723c751e8b465ee728b)  -> (artifact id: '1d557b91400f22ce033818f6f55ee0bb') in 0.002426 seconds
  Import took 0.006057 seconds .

========================================================================
Received Import Request.
  Time since last request: 15.994617 seconds.
  path: Assets/Images/UI
  artifactKey: Guid(f4b4091b3ddc94c6f926911b68d2ea48) Importer(815301076,1909f56bfc062723c751e8b465ee728b)
Start importing Assets/Images/UI using Guid(f4b4091b3ddc94c6f926911b68d2ea48) Importer(815301076,1909f56bfc062723c751e8b465ee728b)  -> (artifact id: '90564d9ae0b912aed2ecb2c40365546b') in 0.003321 seconds
  Import took 0.007149 seconds .

========================================================================
Received Import Request.
  Time since last request: 216.709358 seconds.
  path: Assets/Images/Background/森背景.png
  artifactKey: Guid(fa7e89f97e82941e6969062d92537955) Importer(815301076,1909f56bfc062723c751e8b465ee728b)
Start importing Assets/Images/Background/森背景.png using Guid(fa7e89f97e82941e6969062d92537955) Importer(815301076,1909f56bfc062723c751e8b465ee728b)  -> (artifact id: '3f4962a5c17b10496f2a8e4465574f51') in 0.913154 seconds
  Import took 0.916299 seconds .

========================================================================
Received Import Request.
  Time since last request: 1.862812 seconds.
  path: Assets/Images/Background/街背景.jpg
  artifactKey: Guid(c3c79b203016e4f86b80a9a4cb0ef20a) Importer(815301076,1909f56bfc062723c751e8b465ee728b)
Start importing Assets/Images/Background/街背景.jpg using Guid(c3c79b203016e4f86b80a9a4cb0ef20a) Importer(815301076,1909f56bfc062723c751e8b465ee728b)  -> (artifact id: '2599fa179410504fa37bde8990d2470f') in 1.045689 seconds
  Import took 1.049196 seconds .

========================================================================
Received Import Request.
  Time since last request: 44.885185 seconds.
  path: Assets/Images/Background/TitleBG.jpg
  artifactKey: Guid(c3c79b203016e4f86b80a9a4cb0ef20a) Importer(815301076,1909f56bfc062723c751e8b465ee728b)
Start importing Assets/Images/Background/TitleBG.jpg using Guid(c3c79b203016e4f86b80a9a4cb0ef20a) Importer(815301076,1909f56bfc062723c751e8b465ee728b)  -> (artifact id: '1de4e3f5b5429018288c57847b2b2d40') in 0.025490 seconds
  Import took 0.030325 seconds .

========================================================================
Received Import Request.
  Time since last request: 10.937819 seconds.
  path: Assets/Images/Background/QuestBG.png
  artifactKey: Guid(fa7e89f97e82941e6969062d92537955) Importer(815301076,1909f56bfc062723c751e8b465ee728b)
Start importing Assets/Images/Background/QuestBG.png using Guid(fa7e89f97e82941e6969062d92537955) Importer(815301076,1909f56bfc062723c751e8b465ee728b)  -> (artifact id: '7fd8f4ce5719f29b15bf2f929bab9995') in 0.017589 seconds
  Import took 0.021494 seconds .

========================================================================
Received Import Request.
  Time since last request: 14.628619 seconds.
  path: Assets/Scenes/Title.unity
  artifactKey: Guid(7b4a28ce8ce1f435ab46f86e0ab6a440) Importer(815301076,1909f56bfc062723c751e8b465ee728b)
Start importing Assets/Scenes/Title.unity using Guid(7b4a28ce8ce1f435ab46f86e0ab6a440) Importer(815301076,1909f56bfc062723c751e8b465ee728b)  -> (artifact id: '7e3441bb59e8ddc8a8e7bd09b95f658c') in 0.003765 seconds
  Import took 0.007817 seconds .

========================================================================
Received Import Request.
  Time since last request: 3397.704456 seconds.
  path: Assets/Scenes/Quest.unity
  artifactKey: Guid(2cda990e2423bbf4892e6590ba056729) Importer(815301076,1909f56bfc062723c751e8b465ee728b)
Start importing Assets/Scenes/Quest.unity using Guid(2cda990e2423bbf4892e6590ba056729) Importer(815301076,1909f56bfc062723c751e8b465ee728b)  -> (artifact id: '9920edfd1ce9a0f8adb8c1795d5a2ea3') in 0.003163 seconds
  Import took 0.008817 seconds .

========================================================================
Received Import Request.
  Time since last request: 0.000660 seconds.
  path: Assets/Scenes/Quest.unity
  artifactKey: Guid(2cda990e2423bbf4892e6590ba056729) Importer(815301076,1909f56bfc062723c751e8b465ee728b)
Start importing Assets/Scenes/Quest.unity using Guid(2cda990e2423bbf4892e6590ba056729) Importer(815301076,1909f56bfc062723c751e8b465ee728b)  -> (artifact id: '9920edfd1ce9a0f8adb8c1795d5a2ea3') in 0.005186 seconds
  Import took 0.009831 seconds .

========================================================================
Received Import Request.
  Time since last request: 84.911307 seconds.
  path: Assets/Images/Background/QuestBG.png
  artifactKey: Guid(fa7e89f97e82941e6969062d92537955) Importer(815301076,1909f56bfc062723c751e8b465ee728b)
Start importing Assets/Images/Background/QuestBG.png using Guid(fa7e89f97e82941e6969062d92537955) Importer(815301076,1909f56bfc062723c751e8b465ee728b)  -> (artifact id: '1f5aee01c9754f05c81d91ca4cd53cc2') in 0.032314 seconds
  Import took 0.038909 seconds .

========================================================================
Received Import Request.
  Time since last request: 8.765434 seconds.
  path: Assets/Images/Background/QuestBG.png
  artifactKey: Guid(fa7e89f97e82941e6969062d92537955) Importer(815301076,1909f56bfc062723c751e8b465ee728b)
Start importing Assets/Images/Background/QuestBG.png using Guid(fa7e89f97e82941e6969062d92537955) Importer(815301076,1909f56bfc062723c751e8b465ee728b)  -> (artifact id: '4b4230e5dcc038504b66d8b4df2e00a3') in 0.023995 seconds
  Import took 0.030366 seconds .

========================================================================
Received Import Request.
  Time since last request: 12.718349 seconds.
  path: Assets/Images/Background/QuestBG.png
  artifactKey: Guid(fa7e89f97e82941e6969062d92537955) Importer(815301076,1909f56bfc062723c751e8b465ee728b)
Start importing Assets/Images/Background/QuestBG.png using Guid(fa7e89f97e82941e6969062d92537955) Importer(815301076,1909f56bfc062723c751e8b465ee728b)  -> (artifact id: '2ee9227c831713fb83ee9d70a479c395') in 0.020204 seconds
  Import took 0.027938 seconds .

========================================================================
Received Import Request.
  Time since last request: 10.107750 seconds.
  path: Assets/Scenes/Title.unity
  artifactKey: Guid(7b4a28ce8ce1f435ab46f86e0ab6a440) Importer(815301076,1909f56bfc062723c751e8b465ee728b)
Start importing Assets/Scenes/Title.unity using Guid(7b4a28ce8ce1f435ab46f86e0ab6a440) Importer(815301076,1909f56bfc062723c751e8b465ee728b)  -> (artifact id: '810b6876546ab06ab79448e27d1d382e') in 0.002537 seconds
  Import took 0.006412 seconds .

========================================================================
Received Import Request.
  Time since last request: 0.000978 seconds.
  path: Assets/Scenes/Title.unity
  artifactKey: Guid(7b4a28ce8ce1f435ab46f86e0ab6a440) Importer(815301076,1909f56bfc062723c751e8b465ee728b)
Start importing Assets/Scenes/Title.unity using Guid(7b4a28ce8ce1f435ab46f86e0ab6a440) Importer(815301076,1909f56bfc062723c751e8b465ee728b)  -> (artifact id: '810b6876546ab06ab79448e27d1d382e') in 0.002087 seconds
  Import took 0.005981 seconds .

========================================================================
Received Import Request.
  Time since last request: 1080.779331 seconds.
  path: Assets/Fantasy Wooden GUI  Free
  artifactKey: Guid(e276ba9b1e6784193b0c667722ce9179) Importer(815301076,1909f56bfc062723c751e8b465ee728b)
Start importing Assets/Fantasy Wooden GUI  Free using Guid(e276ba9b1e6784193b0c667722ce9179) Importer(815301076,1909f56bfc062723c751e8b465ee728b)  -> (artifact id: '5d16db6e4cca4850ea35cd21d63b1b94') in 0.009767 seconds
  Import took 0.095989 seconds .

========================================================================
Received Import Request.
  Time since last request: 79.107585 seconds.
  path: Assets/Fantasy Wooden GUI  Free/normal_ui_set A
  artifactKey: Guid(fb0793ba43ead8c4a89d62e19ce3e04e) Importer(815301076,1909f56bfc062723c751e8b465ee728b)
Start importing Assets/Fantasy Wooden GUI  Free/normal_ui_set A using Guid(fb0793ba43ead8c4a89d62e19ce3e04e) Importer(815301076,1909f56bfc062723c751e8b465ee728b)  -> (artifact id: 'b7569aa016201c5b7250d6736c84d377') in 0.002633 seconds
  Import took 0.007616 seconds .

========================================================================
Received Import Request.
  Time since last request: 0.079342 seconds.
  path: Assets/Fantasy Wooden GUI  Free/normal_ui_set A/1_normal_ui_set free.psd
  artifactKey: Guid(1ab331a196bae1046b7a75ed7e3f6b46) Importer(815301076,1909f56bfc062723c751e8b465ee728b)
Start importing Assets/Fantasy Wooden GUI  Free/normal_ui_set A/1_normal_ui_set free.psd using Guid(1ab331a196bae1046b7a75ed7e3f6b46) Importer(815301076,1909f56bfc062723c751e8b465ee728b)  -> (artifact id: 'b1360364e21f84c3b8ef103c9c1dac02') in 1.285949 seconds
  Import took 1.291782 seconds .

========================================================================
Received Import Request.
  Time since last request: 0.000288 seconds.
  path: Assets/Fantasy Wooden GUI  Free/normal_ui_set A/TextBTN_Big.png
  artifactKey: Guid(2be7b70e984b51444aca9c12ae4723a7) Importer(815301076,1909f56bfc062723c751e8b465ee728b)
Start importing Assets/Fantasy Wooden GUI  Free/normal_ui_set A/TextBTN_Big.png using Guid(2be7b70e984b51444aca9c12ae4723a7) Importer(815301076,1909f56bfc062723c751e8b465ee728b)  -> (artifact id: '64331df486f0c45b72f28fcd3a97388b') in 0.042931 seconds
  Import took 0.046912 seconds .

========================================================================
Received Import Request.
  Time since last request: 0.000252 seconds.
  path: Assets/Fantasy Wooden GUI  Free/normal_ui_set A/UI board Large stone.png
  artifactKey: Guid(7066e0747291df44fa5c2bf93bee3a6e) Importer(815301076,1909f56bfc062723c751e8b465ee728b)
Start importing Assets/Fantasy Wooden GUI  Free/normal_ui_set A/UI board Large stone.png using Guid(7066e0747291df44fa5c2bf93bee3a6e) Importer(815301076,1909f56bfc062723c751e8b465ee728b)  -> (artifact id: '20c06db466631a47cd70aac7e8464db0') in 0.035405 seconds
  Import took 0.039811 seconds .

========================================================================
Received Import Request.
  Time since last request: 0.000221 seconds.
  path: Assets/Fantasy Wooden GUI  Free/normal_ui_set A/TextBTN_Cancel_Pressed.png
  artifactKey: Guid(9494e936ef153d148aaddfa6db5fb773) Importer(815301076,1909f56bfc062723c751e8b465ee728b)
Start importing Assets/Fantasy Wooden GUI  Free/normal_ui_set A/TextBTN_Cancel_Pressed.png using Guid(9494e936ef153d148aaddfa6db5fb773) Importer(815301076,1909f56bfc062723c751e8b465ee728b)  -> (artifact id: '5dcb739924a5115aabdd86a1cfee13e9') in 0.013741 seconds
  Import took 0.018322 seconds .

========================================================================
Received Import Request.
  Time since last request: 0.000202 seconds.
  path: Assets/Fantasy Wooden GUI  Free/normal_ui_set A/Close Button.png
  artifactKey: Guid(11277a3f23988ec47908362d708edaa8) Importer(815301076,1909f56bfc062723c751e8b465ee728b)
Start importing Assets/Fantasy Wooden GUI  Free/normal_ui_set A/Close Button.png using Guid(11277a3f23988ec47908362d708edaa8) Importer(815301076,1909f56bfc062723c751e8b465ee728b)  -> (artifact id: '447758b18d6e20b58ca79e7ff7edb816') in 0.020238 seconds
  Import took 0.026223 seconds .

========================================================================
Received Import Request.
  Time since last request: 0.000297 seconds.
  path: Assets/Fantasy Wooden GUI  Free/normal_ui_set A/IRONY TITLE  empty.png
  artifactKey: Guid(4d6a99baee23b654f9e4bb672ae0b438) Importer(815301076,1909f56bfc062723c751e8b465ee728b)
Start importing Assets/Fantasy Wooden GUI  Free/normal_ui_set A/IRONY TITLE  empty.png using Guid(4d6a99baee23b654f9e4bb672ae0b438) Importer(815301076,1909f56bfc062723c751e8b465ee728b)  -> (artifact id: '863932bf6d7561e5473cd8e640e0041e') in 0.018734 seconds
  Import took 0.023032 seconds .

========================================================================
Received Import Request.
  Time since last request: 0.000217 seconds.
  path: Assets/Fantasy Wooden GUI  Free/normal_ui_set A/1_normal_ui_set-free.png
  artifactKey: Guid(f3e42cb7317f6f14186e2c2267014de2) Importer(815301076,1909f56bfc062723c751e8b465ee728b)
Start importing Assets/Fantasy Wooden GUI  Free/normal_ui_set A/1_normal_ui_set-free.png using Guid(f3e42cb7317f6f14186e2c2267014de2) Importer(815301076,1909f56bfc062723c751e8b465ee728b)  -> (artifact id: '7bbfee595259a421163903804a7c9340') in 0.016843 seconds
  Import took 0.020810 seconds .

========================================================================
Received Import Request.
  Time since last request: 0.000218 seconds.
  path: Assets/Fantasy Wooden GUI  Free/normal_ui_set A/notice.png
  artifactKey: Guid(86adaa715d8969e48975ca3343ddaedd) Importer(815301076,1909f56bfc062723c751e8b465ee728b)
Start importing Assets/Fantasy Wooden GUI  Free/normal_ui_set A/notice.png using Guid(86adaa715d8969e48975ca3343ddaedd) Importer(815301076,1909f56bfc062723c751e8b465ee728b)  -> (artifact id: '8061f929772cbcdf5ab686a3aab6bab8') in 0.009484 seconds
  Import took 0.013062 seconds .

========================================================================
Received Import Request.
  Time since last request: 0.000186 seconds.
  path: Assets/Fantasy Wooden GUI  Free/normal_ui_set A/Exclamation_Yellow.png
  artifactKey: Guid(f26fa8880b3aeef4b8516c82dc12f2a5) Importer(815301076,1909f56bfc062723c751e8b465ee728b)
Start importing Assets/Fantasy Wooden GUI  Free/normal_ui_set A/Exclamation_Yellow.png using Guid(f26fa8880b3aeef4b8516c82dc12f2a5) Importer(815301076,1909f56bfc062723c751e8b465ee728b)  -> (artifact id: 'c2ce4a84f4a2a44edb1e01133608702f') in 0.010824 seconds
  Import took 0.014529 seconds .

========================================================================
Received Import Request.
  Time since last request: 0.000186 seconds.
  path: Assets/Fantasy Wooden GUI  Free/normal_ui_set A/Exclamation_Red.png
  artifactKey: Guid(e9d4143c19529834981ac6821a04aecd) Importer(815301076,1909f56bfc062723c751e8b465ee728b)
Start importing Assets/Fantasy Wooden GUI  Free/normal_ui_set A/Exclamation_Red.png using Guid(e9d4143c19529834981ac6821a04aecd) Importer(815301076,1909f56bfc062723c751e8b465ee728b)  -> (artifact id: '2dca456345be7cc188c5d80f2bc64d1c') in 0.016210 seconds
  Import took 0.018857 seconds .

========================================================================
Received Import Request.
  Time since last request: 0.000253 seconds.
  path: Assets/Fantasy Wooden GUI  Free/normal_ui_set A/TextBTN_Medium_Pressed.png
  artifactKey: Guid(047b929beb10565479851d39b452dfb6) Importer(815301076,1909f56bfc062723c751e8b465ee728b)
Start importing Assets/Fantasy Wooden GUI  Free/normal_ui_set A/TextBTN_Medium_Pressed.png using Guid(047b929beb10565479851d39b452dfb6) Importer(815301076,1909f56bfc062723c751e8b465ee728b)  -> (artifact id: '859896ed026d65141175e355feae9db8') in 0.011369 seconds
  Import took 0.015112 seconds .

========================================================================
Received Import Request.
  Time since last request: 0.000187 seconds.
  path: Assets/Fantasy Wooden GUI  Free/normal_ui_set A/TextBTN_New-Start.png
  artifactKey: Guid(ca45d178d188e034aa96a68aceeef41b) Importer(815301076,1909f56bfc062723c751e8b465ee728b)
Start importing Assets/Fantasy Wooden GUI  Free/normal_ui_set A/TextBTN_New-Start.png using Guid(ca45d178d188e034aa96a68aceeef41b) Importer(815301076,1909f56bfc062723c751e8b465ee728b)  -> (artifact id: '868f4a59c2f4915c37e9a3f22a305dc9') in 0.012722 seconds
  Import took 0.016120 seconds .

========================================================================
Received Import Request.
  Time since last request: 0.000179 seconds.
  path: Assets/Fantasy Wooden GUI  Free/normal_ui_set A/TextBTN_Cancel.png
  artifactKey: Guid(480144379cc9c7d47a8e19f58b0e6ee3) Importer(815301076,1909f56bfc062723c751e8b465ee728b)
Start importing Assets/Fantasy Wooden GUI  Free/normal_ui_set A/TextBTN_Cancel.png using Guid(480144379cc9c7d47a8e19f58b0e6ee3) Importer(815301076,1909f56bfc062723c751e8b465ee728b)  -> (artifact id: 'b3cc20cc0c43af42eb8fdce428be362a') in 0.010161 seconds
  Import took 0.013837 seconds .

========================================================================
Received Import Request.
  Time since last request: 0.000179 seconds.
  path: Assets/Fantasy Wooden GUI  Free/normal_ui_set A/Exclamation_Gray.png
  artifactKey: Guid(f73f68fe6815f5548a6c2a61b9e49add) Importer(815301076,1909f56bfc062723c751e8b465ee728b)
Start importing Assets/Fantasy Wooden GUI  Free/normal_ui_set A/Exclamation_Gray.png using Guid(f73f68fe6815f5548a6c2a61b9e49add) Importer(815301076,1909f56bfc062723c751e8b465ee728b)  -> (artifact id: '62c9930b612f314d18c2b1a5fef44e8d') in 0.029170 seconds
  Import took 0.031799 seconds .

========================================================================
Received Import Request.
  Time since last request: 0.000217 seconds.
  path: Assets/Fantasy Wooden GUI  Free/normal_ui_set A/TextBTN_Big_Pressed.png
  artifactKey: Guid(d6a1673a31851fd4395c287261da36e4) Importer(815301076,1909f56bfc062723c751e8b465ee728b)
Start importing Assets/Fantasy Wooden GUI  Free/normal_ui_set A/TextBTN_Big_Pressed.png using Guid(d6a1673a31851fd4395c287261da36e4) Importer(815301076,1909f56bfc062723c751e8b465ee728b)  -> (artifact id: '3b26132311a2329191140bf386404949') in 0.013313 seconds
  Import took 0.018129 seconds .

========================================================================
Received Import Request.
  Time since last request: 0.000221 seconds.
  path: Assets/Fantasy Wooden GUI  Free/normal_ui_set A/Division line.png
  artifactKey: Guid(b7d245916891cca47a0144e12a82e086) Importer(815301076,1909f56bfc062723c751e8b465ee728b)
Start importing Assets/Fantasy Wooden GUI  Free/normal_ui_set A/Division line.png using Guid(b7d245916891cca47a0144e12a82e086) Importer(815301076,1909f56bfc062723c751e8b465ee728b)  -> (artifact id: 'dfdea12d74b22908007972e7ebb166f5') in 0.011945 seconds
  Import took 0.016118 seconds .

========================================================================
Received Import Request.
  Time since last request: 0.000246 seconds.
  path: Assets/Fantasy Wooden GUI  Free/normal_ui_set A/UI board Large  parchment.png
  artifactKey: Guid(43a7d98bd4222b64e933596512dc09ad) Importer(815301076,1909f56bfc062723c751e8b465ee728b)
Start importing Assets/Fantasy Wooden GUI  Free/normal_ui_set A/UI board Large  parchment.png using Guid(43a7d98bd4222b64e933596512dc09ad) Importer(815301076,1909f56bfc062723c751e8b465ee728b)  -> (artifact id: 'd19aefdafe812239f019ec13bf9be716') in 0.032053 seconds
  Import took 0.036101 seconds .

========================================================================
Received Import Request.
  Time since last request: 0.000194 seconds.
  path: Assets/Fantasy Wooden GUI  Free/normal_ui_set A/IRONY TITLE  Large.png
  artifactKey: Guid(054411784c3fdf74d9db120b4a792a71) Importer(815301076,1909f56bfc062723c751e8b465ee728b)
Start importing Assets/Fantasy Wooden GUI  Free/normal_ui_set A/IRONY TITLE  Large.png using Guid(054411784c3fdf74d9db120b4a792a71) Importer(815301076,1909f56bfc062723c751e8b465ee728b)  -> (artifact id: 'd89d08f46b62d537f69d8f489455e96e') in 0.011935 seconds
  Import took 0.015915 seconds .

========================================================================
Received Import Request.
  Time since last request: 0.000186 seconds.
  path: Assets/Fantasy Wooden GUI  Free/normal_ui_set A/TextBTN_New-Start_Pressed.png
  artifactKey: Guid(2e5f47e2f71128f4282c0a4a67288751) Importer(815301076,1909f56bfc062723c751e8b465ee728b)
Start importing Assets/Fantasy Wooden GUI  Free/normal_ui_set A/TextBTN_New-Start_Pressed.png using Guid(2e5f47e2f71128f4282c0a4a67288751) Importer(815301076,1909f56bfc062723c751e8b465ee728b)  -> (artifact id: 'ac086d72d0618b80c2723e2303cb3358') in 0.014543 seconds
  Import took 0.017565 seconds .

========================================================================
Received Import Request.
  Time since last request: 0.000211 seconds.
  path: Assets/Fantasy Wooden GUI  Free/normal_ui_set A/UI board Large Set.png
  artifactKey: Guid(90a2dde0942123c4ebb9c4af580c5818) Importer(815301076,1909f56bfc062723c751e8b465ee728b)
Start importing Assets/Fantasy Wooden GUI  Free/normal_ui_set A/UI board Large Set.png using Guid(90a2dde0942123c4ebb9c4af580c5818) Importer(815301076,1909f56bfc062723c751e8b465ee728b)  -> (artifact id: '39e197f56269d7518dbfde3334c137b5') in 0.031687 seconds
  Import took 0.035296 seconds .

========================================================================
Received Import Request.
  Time since last request: 0.000216 seconds.
  path: Assets/Fantasy Wooden GUI  Free/normal_ui_set A/TextBTN_Medium.png
  artifactKey: Guid(efee20b64d1e73942a29ba61ce3379c3) Importer(815301076,1909f56bfc062723c751e8b465ee728b)
Start importing Assets/Fantasy Wooden GUI  Free/normal_ui_set A/TextBTN_Medium.png using Guid(efee20b64d1e73942a29ba61ce3379c3) Importer(815301076,1909f56bfc062723c751e8b465ee728b)  -> (artifact id: 'b90562dd08f0a3460d520014dfdbc2c0') in 0.010598 seconds
  Import took 0.015042 seconds .

========================================================================
Received Import Request.
  Time since last request: 1.238702 seconds.
  path: Assets/Fantasy Wooden GUI  Free/normal_ui_set A/UI board Medium  parchment.png
  artifactKey: Guid(cf1462bc694c3c249831ad8ac5293aa2) Importer(815301076,1909f56bfc062723c751e8b465ee728b)
Start importing Assets/Fantasy Wooden GUI  Free/normal_ui_set A/UI board Medium  parchment.png using Guid(cf1462bc694c3c249831ad8ac5293aa2) Importer(815301076,1909f56bfc062723c751e8b465ee728b)  -> (artifact id: 'ba9aac4c09293b0a86b34ff96e23857d') in 0.052763 seconds
  Import took 0.061803 seconds .

========================================================================
Received Import Request.
  Time since last request: 0.017317 seconds.
  path: Assets/Fantasy Wooden GUI  Free/normal_ui_set A/UI board Medium Set.png
  artifactKey: Guid(1a5d8785d80a4ee42a2a4c8632436dc0) Importer(815301076,1909f56bfc062723c751e8b465ee728b)
Start importing Assets/Fantasy Wooden GUI  Free/normal_ui_set A/UI board Medium Set.png using Guid(1a5d8785d80a4ee42a2a4c8632436dc0) Importer(815301076,1909f56bfc062723c751e8b465ee728b)  -> (artifact id: '28975f8bb2c17186db55862d4c3b4ae7') in 0.016557 seconds
  Import took 0.022659 seconds .

========================================================================
Received Import Request.
  Time since last request: 0.000406 seconds.
  path: Assets/Fantasy Wooden GUI  Free/normal_ui_set A/UI board Small  parchment.png
  artifactKey: Guid(a454050719005b444b59a84eaafba779) Importer(815301076,1909f56bfc062723c751e8b465ee728b)
Start importing Assets/Fantasy Wooden GUI  Free/normal_ui_set A/UI board Small  parchment.png using Guid(a454050719005b444b59a84eaafba779) Importer(815301076,1909f56bfc062723c751e8b465ee728b)  -> (artifact id: 'c49e80c542e29981cc2317f0fd3383e1') in 0.017554 seconds
  Import took 0.025072 seconds .

========================================================================
Received Import Request.
  Time since last request: 0.000210 seconds.
  path: Assets/Fantasy Wooden GUI  Free/normal_ui_set A/UI board Medium stone.png
  artifactKey: Guid(9a6560e5bacb40847bb1b879ede354fb) Importer(815301076,1909f56bfc062723c751e8b465ee728b)
Start importing Assets/Fantasy Wooden GUI  Free/normal_ui_set A/UI board Medium stone.png using Guid(9a6560e5bacb40847bb1b879ede354fb) Importer(815301076,1909f56bfc062723c751e8b465ee728b)  -> (artifact id: 'ca3209d7457da0683a0eeeeabdb0a4c1') in 0.014096 seconds
  Import took 0.017262 seconds .

========================================================================
Received Import Request.
  Time since last request: 0.000201 seconds.
  path: Assets/Fantasy Wooden GUI  Free/normal_ui_set A/UI board Small  stone.png
  artifactKey: Guid(8dd861a6e819de241bca68a36048a6bd) Importer(815301076,1909f56bfc062723c751e8b465ee728b)
Start importing Assets/Fantasy Wooden GUI  Free/normal_ui_set A/UI board Small  stone.png using Guid(8dd861a6e819de241bca68a36048a6bd) Importer(815301076,1909f56bfc062723c751e8b465ee728b)  -> (artifact id: 'fdb7cc8c0b91fa8920a3b210012db6e7') in 0.012595 seconds
  Import took 0.017056 seconds .

========================================================================
Received Import Request.
  Time since last request: 0.010570 seconds.
  path: Assets/Fantasy Wooden GUI  Free/normal_ui_set A/UI board Small  stone.png
  artifactKey: Guid(8dd861a6e819de241bca68a36048a6bd) Importer(815301076,1909f56bfc062723c751e8b465ee728b)
Start importing Assets/Fantasy Wooden GUI  Free/normal_ui_set A/UI board Small  stone.png using Guid(8dd861a6e819de241bca68a36048a6bd) Importer(815301076,1909f56bfc062723c751e8b465ee728b)  -> (artifact id: 'fdb7cc8c0b91fa8920a3b210012db6e7') in 0.008714 seconds
  Import took 0.012289 seconds .

========================================================================
Received Import Request.
  Time since last request: 0.547687 seconds.
  path: Assets/Fantasy Wooden GUI  Free/normal_ui_set A/UI board Small Set.png
  artifactKey: Guid(8eb69fafe4f719b49bb2dd1a7358aaaa) Importer(815301076,1909f56bfc062723c751e8b465ee728b)
Start importing Assets/Fantasy Wooden GUI  Free/normal_ui_set A/UI board Small Set.png using Guid(8eb69fafe4f719b49bb2dd1a7358aaaa) Importer(815301076,1909f56bfc062723c751e8b465ee728b)  -> (artifact id: 'f283aca4545d5bd55e178d620046660a') in 0.012974 seconds
  Import took 0.017397 seconds .

========================================================================
Received Import Request.
  Time since last request: 142.210843 seconds.
  path: Assets/Scenes/Town.unity
  artifactKey: Guid(85cba7d0c47da449690b4d730eae9b88) Importer(815301076,1909f56bfc062723c751e8b465ee728b)
Start importing Assets/Scenes/Town.unity using Guid(85cba7d0c47da449690b4d730eae9b88) Importer(815301076,1909f56bfc062723c751e8b465ee728b)  -> (artifact id: '9e96bc7964c56e082cf5e1c71648fca4') in 0.003057 seconds
  Import took 0.009563 seconds .

========================================================================
Received Import Request.
  Time since last request: 27.079016 seconds.
  path: Assets/Scenes/Quest.unity
  artifactKey: Guid(2cda990e2423bbf4892e6590ba056729) Importer(815301076,1909f56bfc062723c751e8b465ee728b)
Start importing Assets/Scenes/Quest.unity using Guid(2cda990e2423bbf4892e6590ba056729) Importer(815301076,1909f56bfc062723c751e8b465ee728b)  -> (artifact id: 'c74fb6f0f49571b1a5584aa5cf454d54') in 0.002519 seconds
  Import took 0.010357 seconds .

========================================================================
Received Import Request.
  Time since last request: 58.587429 seconds.
  path: Assets/Scenes/Title.unity
  artifactKey: Guid(7b4a28ce8ce1f435ab46f86e0ab6a440) Importer(815301076,1909f56bfc062723c751e8b465ee728b)
Start importing Assets/Scenes/Title.unity using Guid(7b4a28ce8ce1f435ab46f86e0ab6a440) Importer(815301076,1909f56bfc062723c751e8b465ee728b)  -> (artifact id: 'f655978932bb4a0333bb209d0bb17ca6') in 0.003790 seconds
  Import took 0.009066 seconds .

========================================================================
Received Import Request.
  Time since last request: 0.000498 seconds.
  path: Assets/Scenes/Title.unity
  artifactKey: Guid(7b4a28ce8ce1f435ab46f86e0ab6a440) Importer(815301076,1909f56bfc062723c751e8b465ee728b)
Start importing Assets/Scenes/Title.unity using Guid(7b4a28ce8ce1f435ab46f86e0ab6a440) Importer(815301076,1909f56bfc062723c751e8b465ee728b)  -> (artifact id: 'f655978932bb4a0333bb209d0bb17ca6') in 0.002586 seconds
  Import took 0.008457 seconds .

========================================================================
Received Import Request.
  Time since last request: 273.825768 seconds.
  path: Assets/Scenes/Town.unity
  artifactKey: Guid(85cba7d0c47da449690b4d730eae9b88) Importer(815301076,1909f56bfc062723c751e8b465ee728b)
Start importing Assets/Scenes/Town.unity using Guid(85cba7d0c47da449690b4d730eae9b88) Importer(815301076,1909f56bfc062723c751e8b465ee728b)  -> (artifact id: '599493808173364cb1acb40fea7f6083') in 0.002036 seconds
  Import took 0.006729 seconds .

========================================================================
Received Import Request.
  Time since last request: 75.776152 seconds.
  path: Assets/Scenes/Title.unity
  artifactKey: Guid(7b4a28ce8ce1f435ab46f86e0ab6a440) Importer(815301076,1909f56bfc062723c751e8b465ee728b)
Start importing Assets/Scenes/Title.unity using Guid(7b4a28ce8ce1f435ab46f86e0ab6a440) Importer(815301076,1909f56bfc062723c751e8b465ee728b)  -> (artifact id: '0de93e9ad363112fc55295b147810dba') in 0.002263 seconds
  Import took 0.007348 seconds .

========================================================================
Received Import Request.
  Time since last request: 37.669390 seconds.
  path: Assets/Scenes/Quest.unity
  artifactKey: Guid(2cda990e2423bbf4892e6590ba056729) Importer(815301076,1909f56bfc062723c751e8b465ee728b)
Start importing Assets/Scenes/Quest.unity using Guid(2cda990e2423bbf4892e6590ba056729) Importer(815301076,1909f56bfc062723c751e8b465ee728b)  -> (artifact id: '4eed0a740ef8a3bbcffbb1cd32f16fd3') in 0.002361 seconds
  Import took 0.007686 seconds .

========================================================================
Received Import Request.
  Time since last request: 0.000916 seconds.
  path: Assets/Scenes/Quest.unity
  artifactKey: Guid(2cda990e2423bbf4892e6590ba056729) Importer(815301076,1909f56bfc062723c751e8b465ee728b)
Start importing Assets/Scenes/Quest.unity using Guid(2cda990e2423bbf4892e6590ba056729) Importer(815301076,1909f56bfc062723c751e8b465ee728b)  -> (artifact id: '4eed0a740ef8a3bbcffbb1cd32f16fd3') in 0.002204 seconds
  Import took 0.007059 seconds .

========================================================================
Received Import Request.
  Time since last request: 810.531800 seconds.
  path: Assets/Scenes/Title.unity
  artifactKey: Guid(7b4a28ce8ce1f435ab46f86e0ab6a440) Importer(815301076,1909f56bfc062723c751e8b465ee728b)
Start importing Assets/Scenes/Title.unity using Guid(7b4a28ce8ce1f435ab46f86e0ab6a440) Importer(815301076,1909f56bfc062723c751e8b465ee728b)  -> (artifact id: 'a9cfd2f9efd5418def19fa5945e706ab') in 0.008203 seconds
  Import took 0.028979 seconds .

========================================================================
Received Import Request.
  Time since last request: 59.245345 seconds.
  path: Assets/Scenes/Town.unity
  artifactKey: Guid(85cba7d0c47da449690b4d730eae9b88) Importer(815301076,1909f56bfc062723c751e8b465ee728b)
Start importing Assets/Scenes/Town.unity using Guid(85cba7d0c47da449690b4d730eae9b88) Importer(815301076,1909f56bfc062723c751e8b465ee728b)  -> (artifact id: 'e652e033f71aa03631081937c51b101c') in 0.003803 seconds
  Import took 0.011925 seconds .

========================================================================
Received Import Request.
  Time since last request: 9.631295 seconds.
  path: Assets/Scenes/Quest.unity
  artifactKey: Guid(2cda990e2423bbf4892e6590ba056729) Importer(815301076,1909f56bfc062723c751e8b465ee728b)
Start importing Assets/Scenes/Quest.unity using Guid(2cda990e2423bbf4892e6590ba056729) Importer(815301076,1909f56bfc062723c751e8b465ee728b)  -> (artifact id: '1c2330cd61c75c89510a9e07f4e7b100') in 0.002320 seconds
  Import took 0.007334 seconds .

========================================================================
Received Import Request.
  Time since last request: 0.004656 seconds.
  path: Assets/Scenes/Quest.unity
  artifactKey: Guid(2cda990e2423bbf4892e6590ba056729) Importer(815301076,1909f56bfc062723c751e8b465ee728b)
Start importing Assets/Scenes/Quest.unity using Guid(2cda990e2423bbf4892e6590ba056729) Importer(815301076,1909f56bfc062723c751e8b465ee728b)  -> (artifact id: '1c2330cd61c75c89510a9e07f4e7b100') in 0.003328 seconds
  Import took 0.012157 seconds .

========================================================================
Received Import Request.
  Time since last request: 209.108945 seconds.
  path: Assets/Scenes/Town.unity
  artifactKey: Guid(85cba7d0c47da449690b4d730eae9b88) Importer(815301076,1909f56bfc062723c751e8b465ee728b)
Start importing Assets/Scenes/Town.unity using Guid(85cba7d0c47da449690b4d730eae9b88) Importer(815301076,1909f56bfc062723c751e8b465ee728b)  -> (artifact id: 'a10a0a920d478aeb90c72c983e30238b') in 0.013343 seconds
  Import took 0.021212 seconds .

========================================================================
Received Prepare
Registering precompiled user dll's ...
Registered in 0.005577 seconds.
Begin MonoManager ReloadAssembly
Native extension for OSXStandalone target not found
Refreshing native plugins compatible for Editor in 0.49 ms, found 2 plugins.
Preloading 0 native plugins for Editor in 0.00 ms.
Mono: successfully reloaded assembly
- Completed reload, in  1.360 seconds
Platform modules already initialized, skipping
Switching build target platform(2) subTarget(0) extendedPlatform(0) -> platform(9) subTarget(16777218) extendedPlatform(0)
Refreshing native plugins compatible for Editor in 0.39 ms, found 2 plugins.
Preloading 0 native plugins for Editor in 0.00 ms.
Unloading 1815 Unused Serialized files (Serialized files now loaded: 0)
System memory in use before: 171.0 MB.
System memory in use after: 171.0 MB.

Unloading 12 unused Assets to reduce memory usage. Loaded Objects now: 2302.
Total: 2.339896 ms (FindLiveObjects: 0.283691 ms CreateObjectMapping: 0.068306 ms MarkObjects: 1.867147 ms  DeleteObjects: 0.119674 ms)

AssetImportParameters requested are different than current active one (requested -> active):
  custom:graphics/normal-map-encoding: 01000000000000000000000000000000 -> 02000000000000000000000000000000
