Using pre-set license

 COMMAND LINE ARGUMENTS:
/Users/shimizuyuusaku/Unity/2020.3.8f1/Unity.app/Contents/MacOS/Unity
-adb2
-batchMode
-noUpm
-name
AssetImportWorker0
-projectPath
/Users/shimizuyuusaku/Unity/NonFieldRPG
-logFile
Logs/AssetImportWorker0.log
-srvPort
61166
Successfully changed project path to: /Users/shimizuyuusaku/Unity/NonFieldRPG
/Users/shimizuyuusaku/Unity/NonFieldRPG
Using Asset Import Pipeline V2.
Refreshing native plugins compatible for Editor in 42.59 ms, found 2 plugins.
Preloading 0 native plugins for Editor in 0.00 ms.
Initialize engine version: 2020.3.8f1 (507919d4fff5)
[Subsystems] Discovering subsystems at path /Users/shimizuyuusaku/Unity/2020.3.8f1/Unity.app/Contents/Resources/UnitySubsystems
[Subsystems] Discovering subsystems at path /Users/shimizuyuusaku/Unity/NonFieldRPG/Assets
GfxDevice: creating device client; threaded=0
2021-06-09 12:27:54.599 Unity[24853:761439] Color LCD preferred device: Intel(R) Iris(TM) Plus Graphics 645 (low power)
2021-06-09 12:27:54.599 Unity[24853:761439] Metal devices available: 1
2021-06-09 12:27:54.599 Unity[24853:761439] 0: Intel(R) Iris(TM) Plus Graphics 645 (low power)
2021-06-09 12:27:54.599 Unity[24853:761439] Using device Intel(R) Iris(TM) Plus Graphics 645 (low power)
Initializing Metal device caps: Intel(R) Iris(TM) Plus Graphics 645
Initialize mono
Mono path[0] = '/Users/shimizuyuusaku/Unity/2020.3.8f1/Unity.app/Contents/Managed'
Mono path[1] = '/Users/shimizuyuusaku/Unity/2020.3.8f1/Unity.app/Contents/MonoBleedingEdge/lib/mono/unityjit'
Mono config path = '/Users/shimizuyuusaku/Unity/2020.3.8f1/Unity.app/Contents/MonoBleedingEdge/etc'
Using monoOptions --debugger-agent=transport=dt_socket,embedding=1,server=y,suspend=n,address=127.0.0.1:56853
Begin MonoManager ReloadAssembly
Registering precompiled unity dll's ...
Register platform support module: /Users/shimizuyuusaku/Unity/2020.3.8f1/Unity.app/Contents/PlaybackEngines/MacStandaloneSupport/UnityEditor.OSXStandalone.Extensions.dll
Registered in 0.003124 seconds.
Native extension for OSXStandalone target not found
Refreshing native plugins compatible for Editor in 39.87 ms, found 2 plugins.
Preloading 0 native plugins for Editor in 0.00 ms.
Mono: successfully reloaded assembly
- Completed reload, in  7.731 seconds
Platform modules already initialized, skipping
Registering precompiled user dll's ...
Registered in 0.003439 seconds.
Begin MonoManager ReloadAssembly
Native extension for OSXStandalone target not found
Refreshing native plugins compatible for Editor in 41.51 ms, found 2 plugins.
Preloading 0 native plugins for Editor in 0.00 ms.
Mono: successfully reloaded assembly
- Completed reload, in  1.267 seconds
Platform modules already initialized, skipping
========================================================================
Worker process is ready to serve import requests
Launching external process: /Users/shimizuyuusaku/Unity/2020.3.8f1/Unity.app/Contents/Tools/UnityShaderCompiler
Launched and connected shader compiler UnityShaderCompiler after 0.03 seconds
Refreshing native plugins compatible for Editor in 0.39 ms, found 2 plugins.
Preloading 0 native plugins for Editor in 0.00 ms.
Unloading 1817 Unused Serialized files (Serialized files now loaded: 0)
System memory in use before: 151.5 MB.
System memory in use after: 151.5 MB.

Unloading 24 unused Assets to reduce memory usage. Loaded Objects now: 2260.
Total: 2.350793 ms (FindLiveObjects: 0.228807 ms CreateObjectMapping: 0.077192 ms MarkObjects: 1.905293 ms  DeleteObjects: 0.138576 ms)

========================================================================
Received Import Request.
  path: Assets/Scenes/Title.unity
  artifactKey: Guid(7b4a28ce8ce1f435ab46f86e0ab6a440) Importer(815301076,1909f56bfc062723c751e8b465ee728b)
Start importing Assets/Scenes/Title.unity using Guid(7b4a28ce8ce1f435ab46f86e0ab6a440) Importer(815301076,1909f56bfc062723c751e8b465ee728b)  -> (artifact id: '9d4fabd4fd18e78250e5195fe4356d4e') in 0.014776 seconds
  Import took 0.019384 seconds .

========================================================================
Received Import Request.
  Time since last request: 0.016625 seconds.
  path: Assets/Scenes/Title.unity
  artifactKey: Guid(7b4a28ce8ce1f435ab46f86e0ab6a440) Importer(815301076,1909f56bfc062723c751e8b465ee728b)
Start importing Assets/Scenes/Title.unity using Guid(7b4a28ce8ce1f435ab46f86e0ab6a440) Importer(815301076,1909f56bfc062723c751e8b465ee728b)  -> (artifact id: '9d4fabd4fd18e78250e5195fe4356d4e') in 0.001592 seconds
  Import took 0.005540 seconds .

========================================================================
Received Prepare
Registering precompiled user dll's ...
Registered in 0.002178 seconds.
Begin MonoManager ReloadAssembly
Native extension for OSXStandalone target not found
Refreshing native plugins compatible for Editor in 0.42 ms, found 2 plugins.
Preloading 0 native plugins for Editor in 0.00 ms.
Mono: successfully reloaded assembly
- Completed reload, in  1.162 seconds
Platform modules already initialized, skipping
Switching build target platform(2) subTarget(0) extendedPlatform(0) -> platform(9) subTarget(16777218) extendedPlatform(0)
Refreshing native plugins compatible for Editor in 0.35 ms, found 2 plugins.
Preloading 0 native plugins for Editor in 0.00 ms.
Unloading 1815 Unused Serialized files (Serialized files now loaded: 0)
System memory in use before: 151.4 MB.
System memory in use after: 151.4 MB.

Unloading 12 unused Assets to reduce memory usage. Loaded Objects now: 2264.
Total: 3.080221 ms (FindLiveObjects: 0.187688 ms CreateObjectMapping: 0.071603 ms MarkObjects: 2.719699 ms  DeleteObjects: 0.100362 ms)

AssetImportParameters requested are different than current active one (requested -> active):
  custom:graphics/normal-map-encoding: 01000000000000000000000000000000 -> 02000000000000000000000000000000
========================================================================
Received Import Request.
  Time since last request: 188.432569 seconds.
  path: Assets/Images/New Folder
  artifactKey: Guid(8d2abdf7d6d95450db9d200b6934c95c) Importer(815301076,1909f56bfc062723c751e8b465ee728b)
Start importing Assets/Images/New Folder using Guid(8d2abdf7d6d95450db9d200b6934c95c) Importer(815301076,1909f56bfc062723c751e8b465ee728b)  -> (artifact id: '739d7ad26a2544748fa389648e303b3c') in 0.012570 seconds
  Import took 0.021992 seconds .

========================================================================
Received Import Request.
  Time since last request: 8.947702 seconds.
  path: Assets/Images/Obj
  artifactKey: Guid(8d2abdf7d6d95450db9d200b6934c95c) Importer(815301076,1909f56bfc062723c751e8b465ee728b)
Start importing Assets/Images/Obj using Guid(8d2abdf7d6d95450db9d200b6934c95c) Importer(815301076,1909f56bfc062723c751e8b465ee728b)  -> (artifact id: '93dd73c67e0a5c7fd39e65525aa44d6f') in 0.002485 seconds
  Import took 0.007192 seconds .

========================================================================
Received Import Request.
  Time since last request: 9.011816 seconds.
  path: Assets/Images/Obj/宝箱.png
  artifactKey: Guid(588a399f3c69e4e8195f815e1b7035f9) Importer(815301076,1909f56bfc062723c751e8b465ee728b)
Start importing Assets/Images/Obj/宝箱.png using Guid(588a399f3c69e4e8195f815e1b7035f9) Importer(815301076,1909f56bfc062723c751e8b465ee728b)  -> (artifact id: 'ec579b167f2a06f1ac2c917eebc8b1ff') in 0.910444 seconds
  Import took 0.915425 seconds .

========================================================================
Received Import Request.
  Time since last request: 9.009358 seconds.
  path: Assets/Scenes/Quest.unity
  artifactKey: Guid(2cda990e2423bbf4892e6590ba056729) Importer(815301076,1909f56bfc062723c751e8b465ee728b)
Start importing Assets/Scenes/Quest.unity using Guid(2cda990e2423bbf4892e6590ba056729) Importer(815301076,1909f56bfc062723c751e8b465ee728b)  -> (artifact id: '3a1ee87f0271b46b35c767dd1ee1d567') in 0.004469 seconds
  Import took 0.010107 seconds .

========================================================================
Received Prepare
Registering precompiled user dll's ...
Registered in 0.001083 seconds.
Begin MonoManager ReloadAssembly
Native extension for OSXStandalone target not found
Refreshing native plugins compatible for Editor in 0.51 ms, found 2 plugins.
Preloading 0 native plugins for Editor in 0.00 ms.
Mono: successfully reloaded assembly
- Completed reload, in  1.135 seconds
Platform modules already initialized, skipping
Switching build target platform(2) subTarget(0) extendedPlatform(0) -> platform(9) subTarget(16777218) extendedPlatform(0)
Refreshing native plugins compatible for Editor in 0.39 ms, found 2 plugins.
Preloading 0 native plugins for Editor in 0.00 ms.
Unloading 1815 Unused Serialized files (Serialized files now loaded: 0)
System memory in use before: 159.5 MB.
System memory in use after: 159.4 MB.

Unloading 12 unused Assets to reduce memory usage. Loaded Objects now: 2274.
Total: 2.426437 ms (FindLiveObjects: 0.255312 ms CreateObjectMapping: 0.064359 ms MarkObjects: 1.964636 ms  DeleteObjects: 0.140745 ms)

AssetImportParameters requested are different than current active one (requested -> active):
  custom:graphics/normal-map-encoding: 01000000000000000000000000000000 -> 02000000000000000000000000000000
========================================================================
Received Prepare
Registering precompiled user dll's ...
Registered in 0.001411 seconds.
Begin MonoManager ReloadAssembly
Native extension for OSXStandalone target not found
Refreshing native plugins compatible for Editor in 0.40 ms, found 2 plugins.
Preloading 0 native plugins for Editor in 0.00 ms.
Mono: successfully reloaded assembly
- Completed reload, in  1.083 seconds
Platform modules already initialized, skipping
Switching build target platform(2) subTarget(0) extendedPlatform(0) -> platform(9) subTarget(16777218) extendedPlatform(0)
Refreshing native plugins compatible for Editor in 0.57 ms, found 2 plugins.
Preloading 0 native plugins for Editor in 0.00 ms.
Unloading 1815 Unused Serialized files (Serialized files now loaded: 0)
System memory in use before: 159.7 MB.
System memory in use after: 159.6 MB.

Unloading 12 unused Assets to reduce memory usage. Loaded Objects now: 2278.
Total: 2.272180 ms (FindLiveObjects: 0.300292 ms CreateObjectMapping: 0.104432 ms MarkObjects: 1.772734 ms  DeleteObjects: 0.093675 ms)

AssetImportParameters requested are different than current active one (requested -> active):
  custom:graphics/normal-map-encoding: 01000000000000000000000000000000 -> 02000000000000000000000000000000
